initialize network with normal
initialize network with normal
initialize network with normal
Encoder num_parameters: 46791072
Decoder num_parameters: 1608007
Discriminator num_parameters: 2769729
tensor(-0.0015)
tensor(1.0015)
tensor(-0.0015)
tensor(1.0015)
tensor(-3.6883e-05)
tensor(1.0015)
tensor(-0.0015)
tensor(1.0015)
tensor(-0.0015)
tensor(1.0015)
tensor(-0.0015)
tensor(1.0015)
tensor(-0.0015)
tensor(1.0015)
tensor(-0.0015)
tensor(1.0015)
epoch 1 AE_total 0.0000000000e+00 (0.0000000000e+00)
Estimated remaining training time: 18.882306569999997 Hours
tensor(-0.0015)
tensor(1.0015)
tensor(-0.0015)
tensor(1.0015)
tensor(-0.0015)
tensor(1.0015)
tensor(-0.0015)
tensor(1.0015)
tensor(-0.0015)
tensor(0.7756)
tensor(-0.0015)
tensor(1.0015)
tensor(-0.0015)
tensor(1.0015)
tensor(-0.0015)
tensor(1.0015)
epoch 2 AE_total 0.0000000000e+00 (0.0000000000e+00)
Estimated remaining training time: 19.28232112944444 Hours
tensor(-0.0015)
tensor(1.0015)
tensor(-0.0015)
tensor(1.0015)
tensor(-0.0015)
tensor(1.0015)
tensor(-0.0015)
tensor(1.0015)
tensor(-0.0015)
tensor(1.0015)
tensor(-0.0015)
tensor(0.7756)
tensor(-0.0015)
tensor(1.0015)
tensor(-0.0015)
tensor(1.0015)
epoch 3 AE_total 0.0000000000e+00 (0.0000000000e+00)
Estimated remaining training time: 18.039987466944446 Hours
tensor(0.)
tensor(1.0015)
tensor(-0.0015)
tensor(1.0015)
tensor(0.1545)
tensor(1.0015)
tensor(-0.0015)
tensor(1.0015)
tensor(-0.0015)
tensor(1.0015)
tensor(-0.0015)
tensor(1.0015)
tensor(-0.0015)
tensor(1.0015)
tensor(-0.0015)
tensor(1.0015)
epoch 4 AE_total 0.0000000000e+00 (0.0000000000e+00)
Estimated remaining training time: 18.008750423333332 Hours
